Using pre-set license
Built from '2021.3/staging' branch; Version is '2021.3.22f1 (b6c551784ba3) revision 11978065'; Using compiler version '192829333'; Build Type 'Release'
OS: 'Windows 10  (10.0.19045) 64bit Core' Language: 'en' Physical Memory: 65457 MB
BatchMode: 1, IsHumanControllingUs: 0, StartBugReporterOnCrash: 0, Is64bit: 1, IsPro: 1

COMMAND LINE ARGUMENTS:
C:\Program Files\Unity\Hub\Editor\2021.3.22f1\Editor\Unity.exe
-adb2
-batchMode
-noUpm
-name
AssetImportWorker0
-projectPath
C:/Users/Admin/Documents/GitHub/Block3Game/HanzeGame
-logFile
Logs/AssetImportWorker0.log
-srvPort
57386
Successfully changed project path to: C:/Users/Admin/Documents/GitHub/Block3Game/HanzeGame
C:/Users/Admin/Documents/GitHub/Block3Game/HanzeGame
[UnityMemory] Configuration Parameters - Can be set up in boot.config
    "memorysetup-bucket-allocator-granularity=16"
    "memorysetup-bucket-allocator-bucket-count=8"
    "memorysetup-bucket-allocator-block-size=33554432"
    "memorysetup-bucket-allocator-block-count=8"
    "memorysetup-main-allocator-block-size=16777216"
    "memorysetup-thread-allocator-block-size=16777216"
    "memorysetup-gfx-main-allocator-block-size=16777216"
    "memorysetup-gfx-thread-allocator-block-size=16777216"
    "memorysetup-cache-allocator-block-size=4194304"
    "memorysetup-typetree-allocator-block-size=2097152"
    "memorysetup-profiler-bucket-allocator-granularity=16"
    "memorysetup-profiler-bucket-allocator-bucket-count=8"
    "memorysetup-profiler-bucket-allocator-block-size=33554432"
    "memorysetup-profiler-bucket-allocator-block-count=8"
    "memorysetup-profiler-allocator-block-size=16777216"
    "memorysetup-profiler-editor-allocator-block-size=1048576"
    "memorysetup-temp-allocator-size-main=16777216"
    "memorysetup-job-temp-allocator-block-size=2097152"
    "memorysetup-job-temp-allocator-block-size-background=1048576"
    "memorysetup-job-temp-allocator-reduction-small-platforms=262144"
    "memorysetup-temp-allocator-size-background-worker=32768"
    "memorysetup-temp-allocator-size-job-worker=262144"
    "memorysetup-temp-allocator-size-preload-manager=33554432"
    "memorysetup-temp-allocator-size-nav-mesh-worker=65536"
    "memorysetup-temp-allocator-size-audio-worker=65536"
    "memorysetup-temp-allocator-size-cloud-worker=32768"
    "memorysetup-temp-allocator-size-gi-baking-worker=262144"
    "memorysetup-temp-allocator-size-gfx=262144"
Player connection [11260] Host "[IP] 192.168.178.170 [Port] 0 [Flags] 2 [Guid] 1311568562 [EditorId] 1311568562 [Version] 1048832 [Id] WindowsEditor(7,DESKTOP-ICSMS0V) [Debug] 1 [PackageName] WindowsEditor [ProjectName] Editor" joined multi-casting on [225.0.0.222:54997]...

Player connection [11260] Host "[IP] 192.168.178.170 [Port] 0 [Flags] 2 [Guid] 1311568562 [EditorId] 1311568562 [Version] 1048832 [Id] WindowsEditor(7,DESKTOP-ICSMS0V) [Debug] 1 [PackageName] WindowsEditor [ProjectName] Editor" joined alternative multi-casting on [225.0.0.222:34997]...

Refreshing native plugins compatible for Editor in 57.99 ms, found 3 plugins.
Preloading 0 native plugins for Editor in 0.00 ms.
Initialize engine version: 2021.3.22f1 (b6c551784ba3)
[Subsystems] Discovering subsystems at path C:/Program Files/Unity/Hub/Editor/2021.3.22f1/Editor/Data/Resources/UnitySubsystems
[Subsystems] Discovering subsystems at path C:/Users/Admin/Documents/GitHub/Block3Game/HanzeGame/Assets
GfxDevice: creating device client; threaded=0; jobified=0
Direct3D:
    Version:  Direct3D 11.0 [level 11.1]
    Renderer: AMD Radeon RX 6800 XT (ID=0x73bf)
    Vendor:   ATI
    VRAM:     16338 MB
    Driver:   30.0.15021.11005
Initialize mono
Mono path[0] = 'C:/Program Files/Unity/Hub/Editor/2021.3.22f1/Editor/Data/Managed'
Mono path[1] = 'C:/Program Files/Unity/Hub/Editor/2021.3.22f1/Editor/Data/MonoBleedingEdge/lib/mono/unityjit-win32'
Mono config path = 'C:/Program Files/Unity/Hub/Editor/2021.3.22f1/Editor/Data/MonoBleedingEdge/etc'
Using monoOptions --debugger-agent=transport=dt_socket,embedding=1,server=y,suspend=n,address=127.0.0.1:56740
Begin MonoManager ReloadAssembly
Registering precompiled unity dll's ...
Register platform support module: C:/Program Files/Unity/Hub/Editor/2021.3.22f1/Editor/Data/PlaybackEngines/WindowsStandaloneSupport/UnityEditor.WindowsStandalone.Extensions.dll
Registered in 0.007348 seconds.
Native extension for WindowsStandalone target not found
Refreshing native plugins compatible for Editor in 55.13 ms, found 3 plugins.
Preloading 0 native plugins for Editor in 0.00 ms.
Mono: successfully reloaded assembly
- Completed reload, in  0.513 seconds
Domain Reload Profiling:
	ReloadAssembly (513ms)
		BeginReloadAssembly (73ms)
			ExecutionOrderSort (0ms)
			DisableScriptedObjects (0ms)
			BackupInstance (0ms)
			ReleaseScriptingObjects (0ms)
			CreateAndSetChildDomain (1ms)
		EndReloadAssembly (358ms)
			LoadAssemblies (70ms)
			RebuildTransferFunctionScriptingTraits (0ms)
			SetupTypeCache (78ms)
			ReleaseScriptCaches (0ms)
			RebuildScriptCaches (21ms)
			SetupLoadedEditorAssemblies (218ms)
				LogAssemblyErrors (0ms)
				InitializePlatformSupportModulesInManaged (7ms)
				SetLoadedEditorAssemblies (0ms)
				RefreshPlugins (55ms)
				BeforeProcessingInitializeOnLoad (1ms)
				ProcessInitializeOnLoadAttributes (112ms)
				ProcessInitializeOnLoadMethodAttributes (43ms)
				AfterProcessingInitializeOnLoad (0ms)
				EditorAssembliesLoaded (0ms)
			ExecutionOrderSort2 (0ms)
			AwakeInstancesAfterBackupRestoration (0ms)
Platform modules already initialized, skipping
Registering precompiled user dll's ...
Registered in 0.005745 seconds.
Begin MonoManager ReloadAssembly
Symbol file LoadedFromMemory doesn't match image C:\Users\Admin\Documents\GitHub\Block3Game\HanzeGame\Library\PackageCache\com.unity.visualscripting@1.8.0\Editor\VisualScripting.Core\Dependencies\YamlDotNet\Unity.VisualScripting.YamlDotNet.dll
Symbol file LoadedFromMemory doesn't match image C:\Users\Admin\Documents\GitHub\Block3Game\HanzeGame\Library\PackageCache\com.unity.visualscripting@1.8.0\Editor\VisualScripting.Core\Dependencies\DotNetZip\Unity.VisualScripting.IonicZip.dll
Native extension for WindowsStandalone target not found
Refreshing native plugins compatible for Editor in 0.60 ms, found 3 plugins.
Preloading 0 native plugins for Editor in 0.00 ms.
Mono: successfully reloaded assembly
- Completed reload, in  0.749 seconds
Domain Reload Profiling:
	ReloadAssembly (749ms)
		BeginReloadAssembly (102ms)
			ExecutionOrderSort (0ms)
			DisableScriptedObjects (5ms)
			BackupInstance (0ms)
			ReleaseScriptingObjects (0ms)
			CreateAndSetChildDomain (19ms)
		EndReloadAssembly (567ms)
			LoadAssemblies (74ms)
			RebuildTransferFunctionScriptingTraits (0ms)
			SetupTypeCache (184ms)
			ReleaseScriptCaches (1ms)
			RebuildScriptCaches (34ms)
			SetupLoadedEditorAssemblies (258ms)
				LogAssemblyErrors (0ms)
				InitializePlatformSupportModulesInManaged (5ms)
				SetLoadedEditorAssemblies (0ms)
				RefreshPlugins (1ms)
				BeforeProcessingInitializeOnLoad (62ms)
				ProcessInitializeOnLoadAttributes (165ms)
				ProcessInitializeOnLoadMethodAttributes (15ms)
				AfterProcessingInitializeOnLoad (10ms)
				EditorAssembliesLoaded (0ms)
			ExecutionOrderSort2 (0ms)
			AwakeInstancesAfterBackupRestoration (5ms)
Platform modules already initialized, skipping
========================================================================
Worker process is ready to serve import requests
Launched and connected shader compiler UnityShaderCompiler.exe after 0.06 seconds
Refreshing native plugins compatible for Editor in 0.59 ms, found 3 plugins.
Preloading 0 native plugins for Editor in 0.00 ms.
Unloading 3049 Unused Serialized files (Serialized files now loaded: 0)
Unloading 24 unused Assets / (113.5 KB). Loaded Objects now: 3509.
Memory consumption went from 107.6 MB to 107.5 MB.
Total: 2.806500 ms (FindLiveObjects: 0.250900 ms CreateObjectMapping: 0.155900 ms MarkObjects: 2.309700 ms  DeleteObjects: 0.089000 ms)

AssetImportParameters requested are different than current active one (requested -> active):
  custom:video-decoder-ogg-theora: a1e56fd34408186e4bbccfd4996cb3dc -> 
  custom:container-muxer-webm: aa71ff27fc2769a1b78a27578f13a17b -> 
  custom:container-demuxer-webm: 4f35f7cbe854078d1ac9338744f61a02 -> 
  custom:video-encoder-webm-vp8: eb34c28f22e8b96e1ab97ce403110664 -> 
  custom:audio-encoder-webm-vorbis: bf7c407c2cedff20999df2af8eb42d56 -> 
  custom:framework-win-MediaFoundation: 216162199b28c13a410421893ffa2e32 -> 
  custom:container-demuxer-ogg: 62fdf1f143b41e24485cea50d1cbac27 -> 
  custom:video-decoder-webm-vp8: 9c59270c3fd7afecdb556c50c9e8de78 -> 
  custom:audio-decoder-ogg-vorbis: bf7c407c2cedff20999df2af8eb42d56 -> 
========================================================================
Received Import Request.
  Time since last request: 746582.354532 seconds.
  path: Assets/Scripts/MouseLook.cs
  artifactKey: Guid(1466826b696edf34da01eebda4efca6b) Importer(815301076,1909f56bfc062723c751e8b465ee728b)
Start importing Assets/Scripts/MouseLook.cs using Guid(1466826b696edf34da01eebda4efca6b) Importer(815301076,1909f56bfc062723c751e8b465ee728b)  -> (artifact id: '63f6d349ffea459d57a8a42e69e2cf4c') in 0.092877 seconds 
========================================================================
Received Prepare
Registering precompiled user dll's ...
Registered in 0.005084 seconds.
Begin MonoManager ReloadAssembly
Symbol file LoadedFromMemory doesn't match image C:\Users\Admin\Documents\GitHub\Block3Game\HanzeGame\Library\PackageCache\com.unity.visualscripting@1.8.0\Editor\VisualScripting.Core\Dependencies\YamlDotNet\Unity.VisualScripting.YamlDotNet.dll
Symbol file LoadedFromMemory doesn't match image C:\Users\Admin\Documents\GitHub\Block3Game\HanzeGame\Library\PackageCache\com.unity.visualscripting@1.8.0\Editor\VisualScripting.Core\Dependencies\DotNetZip\Unity.VisualScripting.IonicZip.dll
Native extension for WindowsStandalone target not found
Refreshing native plugins compatible for Editor in 0.71 ms, found 3 plugins.
Preloading 0 native plugins for Editor in 0.00 ms.
Mono: successfully reloaded assembly
- Completed reload, in  0.876 seconds
Domain Reload Profiling:
	ReloadAssembly (876ms)
		BeginReloadAssembly (139ms)
			ExecutionOrderSort (0ms)
			DisableScriptedObjects (4ms)
			BackupInstance (0ms)
			ReleaseScriptingObjects (0ms)
			CreateAndSetChildDomain (39ms)
		EndReloadAssembly (642ms)
			LoadAssemblies (84ms)
			RebuildTransferFunctionScriptingTraits (0ms)
			SetupTypeCache (241ms)
			ReleaseScriptCaches (1ms)
			RebuildScriptCaches (34ms)
			SetupLoadedEditorAssemblies (259ms)
				LogAssemblyErrors (0ms)
				InitializePlatformSupportModulesInManaged (6ms)
				SetLoadedEditorAssemblies (0ms)
				RefreshPlugins (1ms)
				BeforeProcessingInitializeOnLoad (59ms)
				ProcessInitializeOnLoadAttributes (170ms)
				ProcessInitializeOnLoadMethodAttributes (14ms)
				AfterProcessingInitializeOnLoad (9ms)
				EditorAssembliesLoaded (0ms)
			ExecutionOrderSort2 (0ms)
			AwakeInstancesAfterBackupRestoration (6ms)
Platform modules already initialized, skipping
Refreshing native plugins compatible for Editor in 1.59 ms, found 3 plugins.
Preloading 0 native plugins for Editor in 0.00 ms.
Unloading 3044 Unused Serialized files (Serialized files now loaded: 0)
Unloading 17 unused Assets / (79.8 KB). Loaded Objects now: 3512.
Memory consumption went from 107.5 MB to 107.4 MB.
Total: 2.915500 ms (FindLiveObjects: 0.264400 ms CreateObjectMapping: 0.100600 ms MarkObjects: 2.471900 ms  DeleteObjects: 0.077900 ms)

AssetImportParameters requested are different than current active one (requested -> active):
  custom:video-decoder-ogg-theora: a1e56fd34408186e4bbccfd4996cb3dc -> 
  custom:container-muxer-webm: aa71ff27fc2769a1b78a27578f13a17b -> 
  custom:container-demuxer-webm: 4f35f7cbe854078d1ac9338744f61a02 -> 
  custom:video-encoder-webm-vp8: eb34c28f22e8b96e1ab97ce403110664 -> 
  custom:audio-encoder-webm-vorbis: bf7c407c2cedff20999df2af8eb42d56 -> 
  custom:framework-win-MediaFoundation: 216162199b28c13a410421893ffa2e32 -> 
  custom:container-demuxer-ogg: 62fdf1f143b41e24485cea50d1cbac27 -> 
  custom:video-decoder-webm-vp8: 9c59270c3fd7afecdb556c50c9e8de78 -> 
  custom:audio-decoder-ogg-vorbis: bf7c407c2cedff20999df2af8eb42d56 -> 
========================================================================
Received Import Request.
  Time since last request: 748.340974 seconds.
  path: Assets/Material
  artifactKey: Guid(2580deedd0c208c47ac3ff95fadf8168) Importer(815301076,1909f56bfc062723c751e8b465ee728b)
Start importing Assets/Material using Guid(2580deedd0c208c47ac3ff95fadf8168) Importer(815301076,1909f56bfc062723c751e8b465ee728b)  -> (artifact id: '2fc869d46b09c0d87d3267c56ae73e92') in 0.012177 seconds 
========================================================================
Received Import Request.
  Time since last request: 0.057030 seconds.
  path: Assets/Material/PlayerMaterial.mat
  artifactKey: Guid(3b7495255fea0e443b5d7300c5b9b1dd) Importer(815301076,1909f56bfc062723c751e8b465ee728b)
Start importing Assets/Material/PlayerMaterial.mat using Guid(3b7495255fea0e443b5d7300c5b9b1dd) Importer(815301076,1909f56bfc062723c751e8b465ee728b)  -> (artifact id: 'ed4e421bf4c66c49c394c230b48602d9') in 0.184756 seconds 
========================================================================
Received Import Request.
  Time since last request: 2.951124 seconds.
  path: Assets/Hands+Gloves
  artifactKey: Guid(0bedf072267a21a4699228f014be6d76) Importer(815301076,1909f56bfc062723c751e8b465ee728b)
Start importing Assets/Hands+Gloves using Guid(0bedf072267a21a4699228f014be6d76) Importer(815301076,1909f56bfc062723c751e8b465ee728b)  -> (artifact id: 'cc93da469093be6a4071a762e94756c1') in 0.007368 seconds 
========================================================================
Received Import Request.
  Time since last request: 0.075046 seconds.
  path: Assets/Hands+Gloves/Gloves_Rigged.blend
  artifactKey: Guid(2a2d3e9eca0306b4b8f8536abcfb2837) Importer(815301076,1909f56bfc062723c751e8b465ee728b)
Start importing Assets/Hands+Gloves/Gloves_Rigged.blend using Guid(2a2d3e9eca0306b4b8f8536abcfb2837) Importer(815301076,1909f56bfc062723c751e8b465ee728b)  -> (artifact id: 'cb52b6f0dffbc350dc9da256200a8fe4') in 0.067666 seconds 
========================================================================
Received Import Request.
  Time since last request: 81.428764 seconds.
  path: Assets/Hands+Gloves/Gloves_Rigged.blend
  artifactKey: Guid(2a2d3e9eca0306b4b8f8536abcfb2837) Importer(815301076,1909f56bfc062723c751e8b465ee728b)
Start importing Assets/Hands+Gloves/Gloves_Rigged.blend using Guid(2a2d3e9eca0306b4b8f8536abcfb2837) Importer(815301076,1909f56bfc062723c751e8b465ee728b)  -> (artifact id: '7290209920652e09ad04cf1da86b9546') in 0.025643 seconds 
========================================================================
Received Import Request.
  Time since last request: 6.321701 seconds.
  path: Assets/Material/Gloves
  artifactKey: Guid(70caab669171abf438e938236973f5f9) Importer(815301076,1909f56bfc062723c751e8b465ee728b)
Start importing Assets/Material/Gloves using Guid(70caab669171abf438e938236973f5f9) Importer(815301076,1909f56bfc062723c751e8b465ee728b)  -> (artifact id: '488c7770a1fa07d59de8232b53ee0178') in 0.006511 seconds 
========================================================================
Received Import Request.
  Time since last request: 0.041129 seconds.
  path: Assets/Material/Gloves/Arms.mat
  artifactKey: Guid(d72a362596574084eac7f9d075424ea6) Importer(815301076,1909f56bfc062723c751e8b465ee728b)
Start importing Assets/Material/Gloves/Arms.mat using Guid(d72a362596574084eac7f9d075424ea6) Importer(815301076,1909f56bfc062723c751e8b465ee728b)  -> (artifact id: '12b65fd9436bf49de7ac2e1e7c4c670f') in 0.011251 seconds 
========================================================================
Received Import Request.
  Time since last request: 0.000021 seconds.
  path: Assets/Material/Gloves/Spray Cleaner.mat
  artifactKey: Guid(05c620b977b35544ea1bfcd241f9056e) Importer(815301076,1909f56bfc062723c751e8b465ee728b)
Start importing Assets/Material/Gloves/Spray Cleaner.mat using Guid(05c620b977b35544ea1bfcd241f9056e) Importer(815301076,1909f56bfc062723c751e8b465ee728b)  -> (artifact id: '763140f7071ca7589bd4ce54241adc14') in 0.011421 seconds 
========================================================================
Received Import Request.
  Time since last request: 34.690908 seconds.
  path: Assets/Material/Gloves/Arms_Arms_BaseColor.png
  artifactKey: Guid(98059ce0e612759489ccb65b62484405) Importer(815301076,1909f56bfc062723c751e8b465ee728b)
Start importing Assets/Material/Gloves/Arms_Arms_BaseColor.png using Guid(98059ce0e612759489ccb65b62484405) Importer(815301076,1909f56bfc062723c751e8b465ee728b)  -> (artifact id: 'e4f0e155093efabc705b727703e8a065') in 0.052724 seconds 
========================================================================
Received Import Request.
  Time since last request: 180.276375 seconds.
  path: Assets/Material/Gloves/Arms_Arms_Normal.png
  artifactKey: Guid(96784ce354a0d574dadefc244df591b2) Importer(815301076,1909f56bfc062723c751e8b465ee728b)
Start importing Assets/Material/Gloves/Arms_Arms_Normal.png using Guid(96784ce354a0d574dadefc244df591b2) Importer(815301076,1909f56bfc062723c751e8b465ee728b)  -> (artifact id: '0ca1d2e08449e43b7e865c4336c5245d') in 0.010984 seconds 
========================================================================
Received Import Request.
  Time since last request: 14.518556 seconds.
  path: Assets/Material/Gloves/Arms_Arms_Normal.png
  artifactKey: Guid(96784ce354a0d574dadefc244df591b2) Importer(815301076,1909f56bfc062723c751e8b465ee728b)
Start importing Assets/Material/Gloves/Arms_Arms_Normal.png using Guid(96784ce354a0d574dadefc244df591b2) Importer(815301076,1909f56bfc062723c751e8b465ee728b)  -> (artifact id: '2227ee8196916b81ec26e7ade0b1f081') in 0.018939 seconds 
========================================================================
Received Import Request.
  Time since last request: 23.445420 seconds.
  path: Assets/Material/Gloves/Arms_Arms_Roughness.png
  artifactKey: Guid(1f9e3e8114d7c734ca6a62cb447ab932) Importer(815301076,1909f56bfc062723c751e8b465ee728b)
Start importing Assets/Material/Gloves/Arms_Arms_Roughness.png using Guid(1f9e3e8114d7c734ca6a62cb447ab932) Importer(815301076,1909f56bfc062723c751e8b465ee728b)  -> (artifact id: '5bf9ff28bfb5f6395851f9b8a12ef14b') in 0.012115 seconds 
========================================================================
Received Import Request.
  Time since last request: 37.411630 seconds.
  path: Assets/Material/Gloves/Arms_Arms_Roughness.png
  artifactKey: Guid(1f9e3e8114d7c734ca6a62cb447ab932) Importer(815301076,1909f56bfc062723c751e8b465ee728b)
Start importing Assets/Material/Gloves/Arms_Arms_Roughness.png using Guid(1f9e3e8114d7c734ca6a62cb447ab932) Importer(815301076,1909f56bfc062723c751e8b465ee728b)  -> (artifact id: '010dfa31b92f93c02a666652be136a60') in 0.012208 seconds 
========================================================================
Received Import Request.
  Time since last request: 15.263446 seconds.
  path: Assets/Material/Gloves/Arms_Arms_Roughness.png
  artifactKey: Guid(1f9e3e8114d7c734ca6a62cb447ab932) Importer(815301076,1909f56bfc062723c751e8b465ee728b)
Start importing Assets/Material/Gloves/Arms_Arms_Roughness.png using Guid(1f9e3e8114d7c734ca6a62cb447ab932) Importer(815301076,1909f56bfc062723c751e8b465ee728b)  -> (artifact id: '6c437303cc7df98954b1f6a35da125d8') in 0.015491 seconds 
========================================================================
Received Import Request.
  Time since last request: 36.352597 seconds.
  path: Assets/Material/Gloves/Gloves LP_Hands_BaseColor.png
  artifactKey: Guid(46bf82613854a084ab313eab405cfedb) Importer(815301076,1909f56bfc062723c751e8b465ee728b)
Start importing Assets/Material/Gloves/Gloves LP_Hands_BaseColor.png using Guid(46bf82613854a084ab313eab405cfedb) Importer(815301076,1909f56bfc062723c751e8b465ee728b)  -> (artifact id: 'b6986644f31bae3b5f461183a68ede55') in 0.011821 seconds 
========================================================================
Received Import Request.
  Time since last request: 14.077682 seconds.
  path: Assets/Material/Gloves/Gloves LP_Hands_Normal.png
  artifactKey: Guid(08c8fe8d2d505a24caed5c6295a222ca) Importer(815301076,1909f56bfc062723c751e8b465ee728b)
Start importing Assets/Material/Gloves/Gloves LP_Hands_Normal.png using Guid(08c8fe8d2d505a24caed5c6295a222ca) Importer(815301076,1909f56bfc062723c751e8b465ee728b)  -> (artifact id: 'bf81ee13c352079c177ad49dc9532722') in 0.010913 seconds 
========================================================================
Received Import Request.
  Time since last request: 39.708204 seconds.
  path: Assets/Material/Gloves/Gloves LP_Hands_Normal.png
  artifactKey: Guid(08c8fe8d2d505a24caed5c6295a222ca) Importer(815301076,1909f56bfc062723c751e8b465ee728b)
Start importing Assets/Material/Gloves/Gloves LP_Hands_Normal.png using Guid(08c8fe8d2d505a24caed5c6295a222ca) Importer(815301076,1909f56bfc062723c751e8b465ee728b)  -> (artifact id: '443c3e1d6d920fe49138669ecaa9a0ac') in 0.013366 seconds 
========================================================================
Received Import Request.
  Time since last request: 3.506087 seconds.
  path: Assets/Material/Gloves/Gloves LP_Hands_Roughness.png
  artifactKey: Guid(d6821d2475bdd51468adaa4e82cb3660) Importer(815301076,1909f56bfc062723c751e8b465ee728b)
Start importing Assets/Material/Gloves/Gloves LP_Hands_Roughness.png using Guid(d6821d2475bdd51468adaa4e82cb3660) Importer(815301076,1909f56bfc062723c751e8b465ee728b)  -> (artifact id: 'a560d69bda90a499518a1e4db6edb4e9') in 0.011760 seconds 
========================================================================
Received Import Request.
  Time since last request: 12.123922 seconds.
  path: Assets/Material/Gloves/Gloves LP_Hands_Roughness.png
  artifactKey: Guid(d6821d2475bdd51468adaa4e82cb3660) Importer(815301076,1909f56bfc062723c751e8b465ee728b)
Start importing Assets/Material/Gloves/Gloves LP_Hands_Roughness.png using Guid(d6821d2475bdd51468adaa4e82cb3660) Importer(815301076,1909f56bfc062723c751e8b465ee728b)  -> (artifact id: 'ca979c3cc0403e492cd9f111c1f11618') in 0.009623 seconds 
========================================================================
Received Import Request.
  Time since last request: 24.835831 seconds.
  path: Assets/Material/Gloves/Spray prototype LP_Spray Cleaner_BaseColor.png
  artifactKey: Guid(b967347d8ce081144b5dd56e886b9c20) Importer(815301076,1909f56bfc062723c751e8b465ee728b)
Start importing Assets/Material/Gloves/Spray prototype LP_Spray Cleaner_BaseColor.png using Guid(b967347d8ce081144b5dd56e886b9c20) Importer(815301076,1909f56bfc062723c751e8b465ee728b)  -> (artifact id: '571e66a7a0d677db62d3dbb8fd03786d') in 0.010425 seconds 
========================================================================
Received Import Request.
  Time since last request: 31.614061 seconds.
  path: Assets/Material/Gloves/Spray prototype LP_Spray Cleaner_Normal.png
  artifactKey: Guid(124ef3bd08f562147833dc8c8cff607d) Importer(815301076,1909f56bfc062723c751e8b465ee728b)
Start importing Assets/Material/Gloves/Spray prototype LP_Spray Cleaner_Normal.png using Guid(124ef3bd08f562147833dc8c8cff607d) Importer(815301076,1909f56bfc062723c751e8b465ee728b)  -> (artifact id: 'e5464c12a65d3b5c5df192f1287f4379') in 0.011216 seconds 
========================================================================
Received Import Request.
  Time since last request: 4.188280 seconds.
  path: Assets/Material/Gloves/Spray prototype LP_Spray Cleaner_Normal.png
  artifactKey: Guid(124ef3bd08f562147833dc8c8cff607d) Importer(815301076,1909f56bfc062723c751e8b465ee728b)
Start importing Assets/Material/Gloves/Spray prototype LP_Spray Cleaner_Normal.png using Guid(124ef3bd08f562147833dc8c8cff607d) Importer(815301076,1909f56bfc062723c751e8b465ee728b)  -> (artifact id: '0396aa478ac66f056186b950032335ac') in 0.011827 seconds 
========================================================================
Received Import Request.
  Time since last request: 38.792022 seconds.
  path: Assets/Material/Gloves/Spray prototype LP_Spray Cleaner_Roughness.png
  artifactKey: Guid(2d997ff9b33a6bc488cd00bff1bee310) Importer(815301076,1909f56bfc062723c751e8b465ee728b)
Start importing Assets/Material/Gloves/Spray prototype LP_Spray Cleaner_Roughness.png using Guid(2d997ff9b33a6bc488cd00bff1bee310) Importer(815301076,1909f56bfc062723c751e8b465ee728b)  -> (artifact id: '9ff18a140ec3e57e8555ab105f4fd80c') in 0.012489 seconds 
========================================================================
Received Import Request.
  Time since last request: 10.014120 seconds.
  path: Assets/Material/Gloves/Spray prototype LP_Spray Cleaner_Roughness 1.png
  artifactKey: Guid(af9c01f6a0974114bb55c17e2495458b) Importer(815301076,1909f56bfc062723c751e8b465ee728b)
Start importing Assets/Material/Gloves/Spray prototype LP_Spray Cleaner_Roughness 1.png using Guid(af9c01f6a0974114bb55c17e2495458b) Importer(815301076,1909f56bfc062723c751e8b465ee728b)  -> (artifact id: 'e1433cdc8e916f160dffaab3be47c6fc') in 0.010792 seconds 
========================================================================
Received Import Request.
  Time since last request: 15.183420 seconds.
  path: Assets/Material/Gloves/Spray prototype LP_Spray Cleaner_Roughness.png
  artifactKey: Guid(2d997ff9b33a6bc488cd00bff1bee310) Importer(815301076,1909f56bfc062723c751e8b465ee728b)
Start importing Assets/Material/Gloves/Spray prototype LP_Spray Cleaner_Roughness.png using Guid(2d997ff9b33a6bc488cd00bff1bee310) Importer(815301076,1909f56bfc062723c751e8b465ee728b)  -> (artifact id: 'ae378386527771a67b49123987ac146e') in 0.007679 seconds 
========================================================================
Received Import Request.
  Time since last request: 6.556770 seconds.
  path: Assets/Material/Gloves/Arms.mat
  artifactKey: Guid(d72a362596574084eac7f9d075424ea6) Importer(815301076,1909f56bfc062723c751e8b465ee728b)
Start importing Assets/Material/Gloves/Arms.mat using Guid(d72a362596574084eac7f9d075424ea6) Importer(815301076,1909f56bfc062723c751e8b465ee728b)  -> (artifact id: 'b735ebc5fdc9355618419028d09ef050') in 0.171625 seconds 
========================================================================
Received Import Request.
  Time since last request: 0.000023 seconds.
  path: Assets/Material/Gloves/Spray Cleaner.mat
  artifactKey: Guid(05c620b977b35544ea1bfcd241f9056e) Importer(815301076,1909f56bfc062723c751e8b465ee728b)
Start importing Assets/Material/Gloves/Spray Cleaner.mat using Guid(05c620b977b35544ea1bfcd241f9056e) Importer(815301076,1909f56bfc062723c751e8b465ee728b)  -> (artifact id: 'fc3cb25528759c838c30d3aaded7760f') in 0.017432 seconds 
========================================================================
Received Prepare
Registering precompiled user dll's ...
Registered in 0.005124 seconds.
Begin MonoManager ReloadAssembly
Symbol file LoadedFromMemory doesn't match image C:\Users\Admin\Documents\GitHub\Block3Game\HanzeGame\Library\PackageCache\com.unity.visualscripting@1.8.0\Editor\VisualScripting.Core\Dependencies\YamlDotNet\Unity.VisualScripting.YamlDotNet.dll
Symbol file LoadedFromMemory doesn't match image C:\Users\Admin\Documents\GitHub\Block3Game\HanzeGame\Library\PackageCache\com.unity.visualscripting@1.8.0\Editor\VisualScripting.Core\Dependencies\DotNetZip\Unity.VisualScripting.IonicZip.dll
Native extension for WindowsStandalone target not found
Refreshing native plugins compatible for Editor in 0.63 ms, found 3 plugins.
Preloading 0 native plugins for Editor in 0.00 ms.
Mono: successfully reloaded assembly
- Completed reload, in  0.840 seconds
Domain Reload Profiling:
	ReloadAssembly (840ms)
		BeginReloadAssembly (142ms)
			ExecutionOrderSort (0ms)
			DisableScriptedObjects (4ms)
			BackupInstance (0ms)
			ReleaseScriptingObjects (0ms)
			CreateAndSetChildDomain (39ms)
		EndReloadAssembly (623ms)
			LoadAssemblies (93ms)
			RebuildTransferFunctionScriptingTraits (0ms)
			SetupTypeCache (232ms)
			ReleaseScriptCaches (1ms)
			RebuildScriptCaches (33ms)
			SetupLoadedEditorAssemblies (255ms)
				LogAssemblyErrors (0ms)
				InitializePlatformSupportModulesInManaged (5ms)
				SetLoadedEditorAssemblies (0ms)
				RefreshPlugins (1ms)
				BeforeProcessingInitializeOnLoad (55ms)
				ProcessInitializeOnLoadAttributes (169ms)
				ProcessInitializeOnLoadMethodAttributes (16ms)
				AfterProcessingInitializeOnLoad (9ms)
				EditorAssembliesLoaded (0ms)
			ExecutionOrderSort2 (0ms)
			AwakeInstancesAfterBackupRestoration (5ms)
Platform modules already initialized, skipping
Refreshing native plugins compatible for Editor in 1.77 ms, found 3 plugins.
Preloading 0 native plugins for Editor in 0.00 ms.
Unloading 3044 Unused Serialized files (Serialized files now loaded: 0)
Unloading 17 unused Assets / (79.9 KB). Loaded Objects now: 3567.
Memory consumption went from 125.3 MB to 125.2 MB.
Total: 3.069600 ms (FindLiveObjects: 0.316400 ms CreateObjectMapping: 0.076700 ms MarkObjects: 2.592700 ms  DeleteObjects: 0.082900 ms)

AssetImportParameters requested are different than current active one (requested -> active):
  custom:video-decoder-ogg-theora: a1e56fd34408186e4bbccfd4996cb3dc -> 
  custom:container-muxer-webm: aa71ff27fc2769a1b78a27578f13a17b -> 
  custom:container-demuxer-webm: 4f35f7cbe854078d1ac9338744f61a02 -> 
  custom:video-encoder-webm-vp8: eb34c28f22e8b96e1ab97ce403110664 -> 
  custom:audio-encoder-webm-vorbis: bf7c407c2cedff20999df2af8eb42d56 -> 
  custom:framework-win-MediaFoundation: 216162199b28c13a410421893ffa2e32 -> 
  custom:container-demuxer-ogg: 62fdf1f143b41e24485cea50d1cbac27 -> 
  custom:video-decoder-webm-vp8: 9c59270c3fd7afecdb556c50c9e8de78 -> 
  custom:audio-decoder-ogg-vorbis: bf7c407c2cedff20999df2af8eb42d56 -> 
